<?xml version="1.0" encoding="UTF-8"?>
<!-- Generated by org.testng.reporters.JUnitReportReporter -->
<testsuite hostname="YUVARAJ_UV" failures="0" tests="1" name="RunnerFile.RunnerTest" time="22.793" errors="0" timestamp="2025-04-01T16:15:59 IST" skipped="0">
  <testcase classname="RunnerFile.RunnerTest" name="runScenario" time="22.793"/>
</testsuite> <!-- RunnerFile.RunnerTest -->
