<?xml version="1.0" encoding="UTF-8"?>
<!-- Generated by org.testng.reporters.JUnitReportReporter -->
<testsuite hostname="YUVARAJ_UV" failures="0" tests="3" name="RunnerFile.RunnerTestng" time="21.379" errors="0" timestamp="2025-04-02T16:59:24 IST" skipped="0">
  <testcase classname="RunnerFile.RunnerTestng" name="runScenario" time="6.934"/>
  <testcase classname="RunnerFile.RunnerTestng" name="runScenario" time="7.377"/>
  <testcase classname="RunnerFile.RunnerTestng" name="runScenario" time="7.068"/>
</testsuite> <!-- RunnerFile.RunnerTestng -->
