<?xml version="1.0" encoding="UTF-8"?>
<!-- Generated by org.testng.reporters.JUnitReportReporter -->
<testsuite hostname="YUVARAJ_UV" failures="0" tests="1" name="RunnerFile.RunnerDataTable" time="9.416" errors="0" timestamp="2025-04-03T12:17:55 IST" skipped="0">
  <testcase classname="RunnerFile.RunnerDataTable" name="runScenario" time="9.416"/>
</testsuite> <!-- RunnerFile.RunnerDataTable -->
