<?xml version="1.0" encoding="UTF-8"?>
<!-- Generated by org.testng.reporters.JUnitReportReporter -->
<testsuite hostname="YUVARAJ_UV" failures="0" tests="5" name="RunnerFile.RunnerTestng" time="16.212" errors="0" timestamp="2025-04-02T10:42:36 IST" skipped="0">
  <testcase classname="RunnerFile.RunnerTestng" name="runScenario" time="3.160"/>
  <testcase classname="RunnerFile.RunnerTestng" name="runScenario" time="3.126"/>
  <testcase classname="RunnerFile.RunnerTestng" name="runScenario" time="2.782"/>
  <testcase classname="RunnerFile.RunnerTestng" name="runScenario" time="4.388"/>
  <testcase classname="RunnerFile.RunnerTestng" name="runScenario" time="2.756"/>
</testsuite> <!-- RunnerFile.RunnerTestng -->
