<?xml version="1.0" encoding="UTF-8"?>
<!-- Generated by org.testng.reporters.JUnitReportReporter -->
<testsuite hostname="YUVARAJ_UV" failures="0" tests="5" name="RunnerFile.RunnerTestng" time="23.891" errors="0" timestamp="2025-04-02T15:16:36 IST" skipped="0">
  <testcase classname="RunnerFile.RunnerTestng" name="runScenario" time="4.786"/>
  <testcase classname="RunnerFile.RunnerTestng" name="runScenario" time="5.483"/>
  <testcase classname="RunnerFile.RunnerTestng" name="runScenario" time="4.469"/>
  <testcase classname="RunnerFile.RunnerTestng" name="runScenario" time="5.627"/>
  <testcase classname="RunnerFile.RunnerTestng" name="runScenario" time="3.526"/>
</testsuite> <!-- RunnerFile.RunnerTestng -->
