<?xml version="1.0" encoding="UTF-8"?>
<!-- Generated by org.testng.reporters.JUnitReportReporter -->
<testsuite hostname="YUVARAJ_UV" failures="0" tests="6" name="RunnerFile.RunnerOrangeHRM" time="45.565" errors="0" timestamp="2025-04-02T20:51:15 IST" skipped="0">
  <testcase classname="RunnerFile.RunnerOrangeHRM" name="runScenario" time="7.809"/>
  <testcase classname="RunnerFile.RunnerOrangeHRM" name="runScenario" time="7.474"/>
  <testcase classname="RunnerFile.RunnerOrangeHRM" name="runScenario" time="7.433"/>
  <testcase classname="RunnerFile.RunnerOrangeHRM" name="runScenario" time="7.457"/>
  <testcase classname="RunnerFile.RunnerOrangeHRM" name="runScenario" time="7.947"/>
  <testcase classname="RunnerFile.RunnerOrangeHRM" name="runScenario" time="7.445"/>
</testsuite> <!-- RunnerFile.RunnerOrangeHRM -->
