<?xml version="1.0" encoding="UTF-8"?>
<!-- Generated by org.testng.reporters.JUnitReportReporter -->
<testsuite hostname="YUVARAJ_UV" failures="0" tests="5" name="RunnerFile.RunnerTestng" time="18.459" errors="0" timestamp="2025-04-02T11:14:18 IST" skipped="0">
  <testcase classname="RunnerFile.RunnerTestng" name="runScenario" time="3.441"/>
  <testcase classname="RunnerFile.RunnerTestng" name="runScenario" time="4.429"/>
  <testcase classname="RunnerFile.RunnerTestng" name="runScenario" time="3.571"/>
  <testcase classname="RunnerFile.RunnerTestng" name="runScenario" time="3.429"/>
  <testcase classname="RunnerFile.RunnerTestng" name="runScenario" time="3.589"/>
</testsuite> <!-- RunnerFile.RunnerTestng -->
