<?xml version="1.0" encoding="UTF-8"?>
<!-- Generated by org.testng.reporters.JUnitReportReporter -->
<testsuite hostname="YUVARAJ_UV" failures="0" tests="5" name="RunnerFile.RunnerTestng" time="24.753" errors="0" timestamp="2025-04-02T15:15:26 IST" skipped="0">
  <testcase classname="RunnerFile.RunnerTestng" name="runScenario" time="4.464"/>
  <testcase classname="RunnerFile.RunnerTestng" name="runScenario" time="5.601"/>
  <testcase classname="RunnerFile.RunnerTestng" name="runScenario" time="5.162"/>
  <testcase classname="RunnerFile.RunnerTestng" name="runScenario" time="6.128"/>
  <testcase classname="RunnerFile.RunnerTestng" name="runScenario" time="3.398"/>
</testsuite> <!-- RunnerFile.RunnerTestng -->
