<?xml version="1.0" encoding="UTF-8"?>
<!-- Generated by org.testng.reporters.JUnitReportReporter -->
<testsuite hostname="YUVARAJ_UV" failures="0" tests="5" name="RunnerFile.RunnerTestng" time="16.359" errors="0" timestamp="2025-04-01T20:41:21 IST" skipped="0">
  <testcase classname="RunnerFile.RunnerTestng" name="runScenario" time="2.410"/>
  <testcase classname="RunnerFile.RunnerTestng" name="runScenario" time="6.706"/>
  <testcase classname="RunnerFile.RunnerTestng" name="runScenario" time="2.497"/>
  <testcase classname="RunnerFile.RunnerTestng" name="runScenario" time="2.275"/>
  <testcase classname="RunnerFile.RunnerTestng" name="runScenario" time="2.471"/>
</testsuite> <!-- RunnerFile.RunnerTestng -->
