<?xml version="1.0" encoding="UTF-8"?>
<!-- Generated by org.testng.reporters.JUnitReportReporter -->
<testsuite hostname="YUVARAJ_UV" failures="0" tests="5" name="RunnerFile.RunnerTestng" time="153.643" errors="0" timestamp="2025-04-02T13:15:44 IST" skipped="0">
  <testcase classname="RunnerFile.RunnerTestng" name="runScenario" time="20.580"/>
  <testcase classname="RunnerFile.RunnerTestng" name="runScenario" time="4.557"/>
  <testcase classname="RunnerFile.RunnerTestng" name="runScenario" time="120.764"/>
  <testcase classname="RunnerFile.RunnerTestng" name="runScenario" time="4.436"/>
  <testcase classname="RunnerFile.RunnerTestng" name="runScenario" time="3.306"/>
</testsuite> <!-- RunnerFile.RunnerTestng -->
